Performing C SOURCE FILE Test CMAKE_HAVE_LIBC_PTHREAD failed with the following output:
Change Dir: /home/zjp/workspace/cPlusPlus/minio-cpp-2/minio-cpp/cmake-build-debug/CMakeFiles/CMakeTmp

Run Build Command(s):/usr/bin/make cmTC_4b5c6/fast && /usr/bin/make  -f CMakeFiles/cmTC_4b5c6.dir/build.make CMakeFiles/cmTC_4b5c6.dir/build
make[1]: 进入目录“/home/zjp/workspace/cPlusPlus/minio-cpp-2/minio-cpp/cmake-build-debug/CMakeFiles/CMakeTmp”
Building C object CMakeFiles/cmTC_4b5c6.dir/src.c.o
/usr/bin/cc   -DCMAKE_HAVE_LIBC_PTHREAD   -o CMakeFiles/cmTC_4b5c6.dir/src.c.o   -c /home/zjp/workspace/cPlusPlus/minio-cpp-2/minio-cpp/cmake-build-debug/CMakeFiles/CMakeTmp/src.c
Linking C executable cmTC_4b5c6
/home/zjp/tools/clion-2020.2.2/bin/cmake/linux/bin/cmake -E cmake_link_script CMakeFiles/cmTC_4b5c6.dir/link.txt --verbose=1
/usr/bin/cc  -DCMAKE_HAVE_LIBC_PTHREAD    CMakeFiles/cmTC_4b5c6.dir/src.c.o  -o cmTC_4b5c6 
CMakeFiles/cmTC_4b5c6.dir/src.c.o：在函数‘main’中：
src.c:(.text+0x3e)：对‘pthread_create’未定义的引用
src.c:(.text+0x4a)：对‘pthread_detach’未定义的引用
src.c:(.text+0x56)：对‘pthread_cancel’未定义的引用
src.c:(.text+0x67)：对‘pthread_join’未定义的引用
src.c:(.text+0x7b)：对‘pthread_atfork’未定义的引用
collect2: error: ld returned 1 exit status
CMakeFiles/cmTC_4b5c6.dir/build.make:106: recipe for target 'cmTC_4b5c6' failed
make[1]: *** [cmTC_4b5c6] Error 1
make[1]: 离开目录“/home/zjp/workspace/cPlusPlus/minio-cpp-2/minio-cpp/cmake-build-debug/CMakeFiles/CMakeTmp”
Makefile:141: recipe for target 'cmTC_4b5c6/fast' failed
make: *** [cmTC_4b5c6/fast] Error 2


Source file was:
#include <pthread.h>

void* test_func(void* data)
{
  return data;
}

int main(void)
{
  pthread_t thread;
  pthread_create(&thread, NULL, test_func, NULL);
  pthread_detach(thread);
  pthread_cancel(thread);
  pthread_join(thread, NULL);
  pthread_atfork(NULL, NULL, NULL);
  pthread_exit(NULL);

  return 0;
}

